#
# There is insufficient memory for the Java Runtime Environment to continue.
# Native memory allocation (mmap) failed to map 7340032 bytes for G1 virtual space
# Possible reasons:
#   The system is out of physical RAM or swap space
#   The process is running with CompressedOops enabled, and the Java Heap may be blocking the growth of the native heap
# Possible solutions:
#   Reduce memory load on the system
#   Increase physical memory or swap space
#   Check if swap backing store is full
#   Decrease Java heap size (-Xmx/-Xms)
#   Decrease number of Java threads
#   Decrease Java thread stack sizes (-Xss)
#   Set larger code cache with -XX:ReservedCodeCacheSize=
#   JVM is running with Unscaled Compressed Oops mode in which the Java heap is
#     placed in the first 4GB address space. The Java Heap base address is the
#     maximum limit for the native heap growth. Please use -XX:HeapBaseMinAddress
#     to set the Java Heap base and to place the Java Heap above 4GB virtual address.
# This output file may be truncated or incomplete.
#
#  Out of Memory Error (os_windows.cpp:3532), pid=31048, tid=20644
#
# JRE version: Java(TM) SE Runtime Environment (17.0.2+8) (build 17.0.2+8-LTS-86)
# Java VM: Java HotSpot(TM) 64-Bit Server VM (17.0.2+8-LTS-86, mixed mode, sharing, tiered, compressed oops, compressed class ptrs, g1 gc, windows-amd64)
# No core dump will be written. Minidumps are not enabled by default on client versions of Windows
#

---------------  S U M M A R Y ------------

Command Line: -Dapplication.home=C:\Program Files\Java\jdk-17.0.2 --add-modules=ALL-DEFAULT -Xms8m -Djdk.module.main=jdk.compiler jdk.compiler/com.sun.tools.javac.Main -d D:\Java_Projekte\kleineTestProgramme\build\classes -classpath D:\Java_Projekte\kleineTestProgramme\build\classes;E:\Loewen\BackupsAbWindows10\Netbeans8.2\Projekte\WORK\mysql-connector-java-8.0.17.jar -sourcepath D:\Java_Projekte\kleineTestProgramme\src -target 1.7 -encoding UTF-8 -g -processorpath E:\Loewen\BackupsAbWindows10\Netbeans8.2\Projekte\WORK\mysql-connector-java-8.0.17.jar;D:\Java_Projekte\kleineTestProgramme\build\empty -s D:\Java_Projekte\kleineTestProgramme\build\generated-sources\ap-source-output -source 1.7 D:\Java_Projekte\kleineTestProgramme\src\de\marcelhuber\lottozahlen\Lotto6Aus49Neu.java

Host: Intel(R) Core(TM) i5-7200U CPU @ 2.50GHz, 4 cores, 7G,  Windows 10 , 64 bit Build 19041 (10.0.19041.2546)
Time: Sat Mar 25 22:40:54 2023 Mitteleuropäische Zeit elapsed time: 1.078746 seconds (0d 0h 0m 1s)

---------------  T H R E A D  ---------------

Current thread (0x000002c856fc7f90):  VMThread "VM Thread" [stack: 0x000000e986800000,0x000000e986900000] [id=20644]

Stack: [0x000000e986800000,0x000000e986900000]
Native frames: (J=compiled Java code, j=interpreted, Vv=VM code, C=native code)
V  [jvm.dll+0x670baa]
V  [jvm.dll+0x7cfcb4]
V  [jvm.dll+0x7d145e]
V  [jvm.dll+0x7d1ac3]
V  [jvm.dll+0x242bc5]
V  [jvm.dll+0x66dac9]
V  [jvm.dll+0x662412]
V  [jvm.dll+0x300c0b]
V  [jvm.dll+0x3081a6]
V  [jvm.dll+0x357d0e]
V  [jvm.dll+0x357f3f]
V  [jvm.dll+0x2d7ec8]
V  [jvm.dll+0x2d6194]
V  [jvm.dll+0x2d579c]
V  [jvm.dll+0x3190eb]
V  [jvm.dll+0x7d5f9b]
V  [jvm.dll+0x7d6cd4]
V  [jvm.dll+0x7d71ec]
V  [jvm.dll+0x7d75c4]
V  [jvm.dll+0x7d7690]
V  [jvm.dll+0x77ff7a]
V  [jvm.dll+0x66fa35]
C  [ucrtbase.dll+0x21bb2]
C  [KERNEL32.DLL+0x17614]
C  [ntdll.dll+0x526a1]

VM_Operation (0x000000e9861fc3e0): G1CollectForAllocation, mode: safepoint, requested by thread 0x000002c856f35860


---------------  P R O C E S S  ---------------

Threads class SMR info:
_java_thread_list=0x000002c875c51ec0, length=13, elements={
0x000002c856f35860, 0x000002c856fc9a80, 0x000002c8746e3750, 0x000002c8746f4290,
0x000002c8746f4d50, 0x000002c8746f7620, 0x000002c874701f00, 0x000002c854bdbc80,
0x000002c854bdc190, 0x000002c8747216e0, 0x000002c87579e560, 0x000002c875806590,
0x000002c854bdea10
}

Java Threads: ( => current thread )
  0x000002c856f35860 JavaThread "main" [_thread_blocked, id=20924, stack(0x000000e986100000,0x000000e986200000)]
  0x000002c856fc9a80 JavaThread "Reference Handler" daemon [_thread_blocked, id=33084, stack(0x000000e986900000,0x000000e986a00000)]
  0x000002c8746e3750 JavaThread "Finalizer" daemon [_thread_blocked, id=23256, stack(0x000000e986a00000,0x000000e986b00000)]
  0x000002c8746f4290 JavaThread "Signal Dispatcher" daemon [_thread_blocked, id=27920, stack(0x000000e986b00000,0x000000e986c00000)]
  0x000002c8746f4d50 JavaThread "Attach Listener" daemon [_thread_blocked, id=25984, stack(0x000000e986c00000,0x000000e986d00000)]
  0x000002c8746f7620 JavaThread "Service Thread" daemon [_thread_blocked, id=19708, stack(0x000000e986d00000,0x000000e986e00000)]
  0x000002c874701f00 JavaThread "Monitor Deflation Thread" daemon [_thread_blocked, id=31132, stack(0x000000e986e00000,0x000000e986f00000)]
  0x000002c854bdbc80 JavaThread "C2 CompilerThread0" daemon [_thread_blocked, id=8156, stack(0x000000e986f00000,0x000000e987000000)]
  0x000002c854bdc190 JavaThread "C1 CompilerThread0" daemon [_thread_blocked, id=28456, stack(0x000000e987000000,0x000000e987100000)]
  0x000002c8747216e0 JavaThread "Sweeper thread" daemon [_thread_blocked, id=20884, stack(0x000000e987100000,0x000000e987200000)]
  0x000002c87579e560 JavaThread "Common-Cleaner" daemon [_thread_blocked, id=33296, stack(0x000000e987200000,0x000000e987300000)]
  0x000002c875806590 JavaThread "Notification Thread" daemon [_thread_blocked, id=31260, stack(0x000000e987300000,0x000000e987400000)]
  0x000002c854bdea10 JavaThread "C2 CompilerThread1" daemon [_thread_blocked, id=26204, stack(0x000000e987800000,0x000000e987900000)]

Other Threads:
=>0x000002c856fc7f90 VMThread "VM Thread" [stack: 0x000000e986800000,0x000000e986900000] [id=20644]
  0x000002c854bc8170 WatcherThread [stack: 0x000000e987400000,0x000000e987500000] [id=19152]
  0x000002c856f6ee80 GCTaskThread "GC Thread#0" [stack: 0x000000e986300000,0x000000e986400000] [id=29888]
  0x000002c8759c4ad0 GCTaskThread "GC Thread#1" [stack: 0x000000e987500000,0x000000e987600000] [id=34388]
  0x000002c8759eca80 GCTaskThread "GC Thread#2" [stack: 0x000000e987600000,0x000000e987700000] [id=21884]
  0x000002c8759ecd30 GCTaskThread "GC Thread#3" [stack: 0x000000e987700000,0x000000e987800000] [id=7212]
  0x000002c856f7f9d0 ConcurrentGCThread "G1 Main Marker" [stack: 0x000000e986400000,0x000000e986500000] [id=25116]
  0x000002c856f81300 ConcurrentGCThread "G1 Conc#0" [stack: 0x000000e986500000,0x000000e986600000] [id=17924]
  0x000002c856fa2850 ConcurrentGCThread "G1 Refine#0" [stack: 0x000000e986600000,0x000000e986700000] [id=23604]
  0x000002c856fa3180 ConcurrentGCThread "G1 Service" [stack: 0x000000e986700000,0x000000e986800000] [id=34716]

Threads with active compile tasks:

VM state: at safepoint (normal execution)

VM Mutex/Monitor currently owned by a thread:  ([mutex/lock_event])
[0x000002c856f2fa00] Threads_lock - owner thread: 0x000002c856fc7f90
[0x000002c856f2fd60] Heap_lock - owner thread: 0x000002c856f35860

Heap address: 0x0000000081800000, size: 2024 MB, Compressed Oops mode: 32-bit

CDS archive(s) mapped at: [0x0000000800000000-0x0000000800bc0000-0x0000000800bc0000), size 12320768, SharedBaseAddress: 0x0000000800000000, ArchiveRelocationMode: 0.
Compressed class space mapped at: 0x0000000800c00000-0x0000000840c00000, reserved size: 1073741824
Narrow klass base: 0x0000000800000000, Narrow klass shift: 0, Narrow klass range: 0x100000000

GC Precious Log:
 CPUs: 4 total, 4 available
 Memory: 8092M
 Large Page Support: Disabled
 NUMA Support: Disabled
 Compressed Oops: Enabled (32-bit)
 Heap Region Size: 1M
 Heap Min Capacity: 8M
 Heap Initial Capacity: 8M
 Heap Max Capacity: 2024M
 Pre-touch: Disabled
 Parallel Workers: 4
 Concurrent Workers: 1
 Concurrent Refinement Workers: 4
 Periodic GC: Disabled

Heap:
 garbage-first heap   total 10240K, used 4482K [0x0000000081800000, 0x0000000100000000)
  region size 1024K, 1 young (1024K), 1 survivors (1024K)
 Metaspace       used 8678K, committed 8832K, reserved 1064960K
  class space    used 1005K, committed 1088K, reserved 1048576K

Heap Regions: E=young(eden), S=young(survivor), O=old, HS=humongous(starts), HC=humongous(continues), CS=collection set, F=free, OA=open archive, CA=closed archive, TAMS=top-at-mark-start (previous, next)
|   0|0x0000000081800000, 0x0000000081900000, 0x0000000081900000|100%| O|  |TAMS 0x0000000081800000, 0x0000000081800000| Untracked 
|   1|0x0000000081900000, 0x0000000081a00000, 0x0000000081a00000|100%| O|  |TAMS 0x0000000081900000, 0x0000000081900000| Untracked 
|   2|0x0000000081a00000, 0x0000000081b00000, 0x0000000081b00000|100%| O|  |TAMS 0x0000000081a00000, 0x0000000081a00000| Untracked 
|   3|0x0000000081b00000, 0x0000000081c00000, 0x0000000081c00000|100%| O|  |TAMS 0x0000000081b00000, 0x0000000081b00000| Untracked 
|   4|0x0000000081c00000, 0x0000000081c00000, 0x0000000081d00000|  0%| F|  |TAMS 0x0000000081c00000, 0x0000000081c00000| Untracked 
|   5|0x0000000081d00000, 0x0000000081d00000, 0x0000000081e00000|  0%| F|  |TAMS 0x0000000081d00000, 0x0000000081d00000| Untracked 
|   6|0x0000000081e00000, 0x0000000081e00000, 0x0000000081f00000|  0%| F|  |TAMS 0x0000000081e00000, 0x0000000081e00000| Untracked 
|   7|0x0000000081f00000, 0x0000000081f60840, 0x0000000082000000| 37%| S|CS|TAMS 0x0000000081f00000, 0x0000000081f00000| Complete 
|   8|0x0000000082000000, 0x0000000082000000, 0x0000000082100000|  0%| F|  |TAMS 0x0000000082000000, 0x0000000082000000| Untracked 
|   9|0x0000000082100000, 0x0000000082100000, 0x0000000082200000|  0%| F|  |TAMS 0x0000000082100000, 0x0000000082100000| Untracked 

Card table byte_map: [0x000002c86db50000,0x000002c86df50000] _byte_map_base: 0x000002c86d744000

Marking Bits (Prev, Next): (CMBitMap*) 0x000002c856f6f3a0, (CMBitMap*) 0x000002c856f6f3e0
 Prev Bits: [0x000002c86e350000, 0x000002c8702f0000)
 Next Bits: [0x000002c8702f0000, 0x000002c872290000)

Polling page: 0x000002c854b90000

Metaspace:

Usage:
  Non-class:      7.49 MB used.
      Class:   1005.97 KB used.
       Both:      8.48 MB used.

Virtual space:
  Non-class space:       16.00 MB reserved,       7.56 MB ( 47%) committed,  2 nodes.
      Class space:        1.00 GB reserved,       1.06 MB ( <1%) committed,  1 nodes.
             Both:        1.02 GB reserved,       8.62 MB ( <1%) committed. 

Chunk freelists:
   Non-Class:  2.33 MB
       Class:  2.94 MB
        Both:  5.27 MB

MaxMetaspaceSize: unlimited
CompressedClassSpaceSize: 1.00 GB
Initial GC threshold: 21.00 MB
Current GC threshold: 21.00 MB
CDS: on
MetaspaceReclaimPolicy: balanced
 - commit_granule_bytes: 65536.
 - commit_granule_words: 8192.
 - virtual_space_node_default_size: 1048576.
 - enlarge_chunks_in_place: 1.
 - new_chunks_are_fully_committed: 0.
 - uncommit_free_chunks: 1.
 - use_allocation_guard: 0.
 - handle_deallocations: 1.


Internal statistics:

num_allocs_failed_limit: 0.
num_arena_births: 58.
num_arena_deaths: 0.
num_vsnodes_births: 3.
num_vsnodes_deaths: 0.
num_space_committed: 138.
num_space_uncommitted: 0.
num_chunks_returned_to_freelist: 0.
num_chunks_taken_from_freelist: 348.
num_chunk_merges: 0.
num_chunk_splits: 235.
num_chunks_enlarged: 178.
num_purges: 0.
num_inconsistent_stats: 0.

CodeHeap 'non-profiled nmethods': size=120000Kb used=334Kb max_used=334Kb free=119665Kb
 bounds [0x000002c866220000, 0x000002c866490000, 0x000002c86d750000]
CodeHeap 'profiled nmethods': size=120000Kb used=1846Kb max_used=1846Kb free=118153Kb
 bounds [0x000002c85ecf0000, 0x000002c85ef60000, 0x000002c866220000]
CodeHeap 'non-nmethods': size=5760Kb used=1141Kb max_used=1172Kb free=4618Kb
 bounds [0x000002c85e750000, 0x000002c85e9c0000, 0x000002c85ecf0000]
 total_blobs=1572 nmethods=1142 adapters=343
 compilation: enabled
              stopped_count=0, restarted_count=0
 full_count=0

Compilation events (20 events):
Event: 0.955 Thread 0x000002c854bdc190 nmethod 1134 0x000002c85eeb9490 code [0x000002c85eeb96c0, 0x000002c85eeb9d78]
Event: 0.955 Thread 0x000002c854bdc190 1125       3       com.sun.tools.javac.code.ClassFinder$1::next (5 bytes)
Event: 0.955 Thread 0x000002c854bdc190 nmethod 1125 0x000002c85eeba010 code [0x000002c85eeba1e0, 0x000002c85eeba4f8]
Event: 0.956 Thread 0x000002c854bdea10 nmethod 1123 0x000002c866272a90 code [0x000002c866272c00, 0x000002c866272e78]
Event: 0.956 Thread 0x000002c854bdea10 1135       4       java.lang.StringLatin1::inflate (34 bytes)
Event: 0.958 Thread 0x000002c854bdc190 1136       3       jdk.internal.misc.Unsafe::getInt (7 bytes)
Event: 0.958 Thread 0x000002c854bdc190 nmethod 1136 0x000002c85eeba610 code [0x000002c85eeba7a0, 0x000002c85eeba8b8]
Event: 0.958 Thread 0x000002c854bdc190 1137       1       sun.nio.fs.NativeBuffer::owner (5 bytes)
Event: 0.958 Thread 0x000002c854bdc190 nmethod 1137 0x000002c866272f90 code [0x000002c866273120, 0x000002c8662731f8]
Event: 0.959 Thread 0x000002c854bdc190 1138       3       jdk.internal.misc.Unsafe::getLong (7 bytes)
Event: 0.959 Thread 0x000002c854bdc190 nmethod 1138 0x000002c85eeba990 code [0x000002c85eebab20, 0x000002c85eebac38]
Event: 0.963 Thread 0x000002c854bdc190 1139       3       sun.nio.fs.NativeBuffers::getNativeBufferFromCache (51 bytes)
Event: 0.964 Thread 0x000002c854bdc190 nmethod 1139 0x000002c85eebad10 code [0x000002c85eebaf00, 0x000002c85eebb548]
Event: 0.964 Thread 0x000002c854bdc190 1141       3       sun.nio.fs.NativeBuffers::releaseNativeBuffer (97 bytes)
Event: 0.964 Thread 0x000002c854bdea10 nmethod 1135 0x000002c866273290 code [0x000002c866273400, 0x000002c866273738]
Event: 0.964 Thread 0x000002c854bdc190 nmethod 1141 0x000002c85eebb710 code [0x000002c85eebba00, 0x000002c85eebcd38]
Event: 0.964 Thread 0x000002c854bdc190 1140       3       sun.nio.fs.NativeBuffer::release (5 bytes)
Event: 0.965 Thread 0x000002c854bdc190 nmethod 1140 0x000002c85eebd290 code [0x000002c85eebd420, 0x000002c85eebd548]
Event: 0.969 Thread 0x000002c854bdc190 1142       3       java.lang.invoke.MethodType::changeReturnType (20 bytes)
Event: 0.969 Thread 0x000002c854bdc190 nmethod 1142 0x000002c85eebd610 code [0x000002c85eebd7c0, 0x000002c85eebd988]

GC Heap History (17 events):
Event: 0.318 GC heap before
{Heap before GC invocations=0 (full 0):
 garbage-first heap   total 8192K, used 3072K [0x0000000081800000, 0x0000000100000000)
  region size 1024K, 3 young (3072K), 0 survivors (0K)
 Metaspace       used 2538K, committed 2688K, reserved 1056768K
  class space    used 291K, committed 384K, reserved 1048576K
}
Event: 0.322 GC heap after
{Heap after GC invocations=1 (full 0):
 garbage-first heap   total 8192K, used 1300K [0x0000000081800000, 0x0000000100000000)
  region size 1024K, 1 young (1024K), 1 survivors (1024K)
 Metaspace       used 2538K, committed 2688K, reserved 1056768K
  class space    used 291K, committed 384K, reserved 1048576K
}
Event: 0.439 GC heap before
{Heap before GC invocations=1 (full 0):
 garbage-first heap   total 8192K, used 2324K [0x0000000081800000, 0x0000000100000000)
  region size 1024K, 2 young (2048K), 1 survivors (1024K)
 Metaspace       used 4224K, committed 4352K, reserved 1056768K
  class space    used 533K, committed 576K, reserved 1048576K
}
Event: 0.443 GC heap after
{Heap after GC invocations=2 (full 0):
 garbage-first heap   total 8192K, used 1983K [0x0000000081800000, 0x0000000100000000)
  region size 1024K, 1 young (1024K), 1 survivors (1024K)
 Metaspace       used 4224K, committed 4352K, reserved 1056768K
  class space    used 533K, committed 576K, reserved 1048576K
}
Event: 0.556 GC heap before
{Heap before GC invocations=2 (full 0):
 garbage-first heap   total 8192K, used 3007K [0x0000000081800000, 0x0000000100000000)
  region size 1024K, 2 young (2048K), 1 survivors (1024K)
 Metaspace       used 6254K, committed 6400K, reserved 1064960K
  class space    used 737K, committed 832K, reserved 1048576K
}
Event: 0.558 GC heap after
{Heap after GC invocations=3 (full 0):
 garbage-first heap   total 8192K, used 2353K [0x0000000081800000, 0x0000000100000000)
  region size 1024K, 1 young (1024K), 1 survivors (1024K)
 Metaspace       used 6254K, committed 6400K, reserved 1064960K
  class space    used 737K, committed 832K, reserved 1048576K
}
Event: 0.650 GC heap before
{Heap before GC invocations=3 (full 0):
 garbage-first heap   total 8192K, used 3377K [0x0000000081800000, 0x0000000100000000)
  region size 1024K, 2 young (2048K), 1 survivors (1024K)
 Metaspace       used 7705K, committed 7936K, reserved 1064960K
  class space    used 899K, committed 1024K, reserved 1048576K
}
Event: 0.651 GC heap after
{Heap after GC invocations=4 (full 0):
 garbage-first heap   total 8192K, used 2675K [0x0000000081800000, 0x0000000100000000)
  region size 1024K, 1 young (1024K), 1 survivors (1024K)
 Metaspace       used 7705K, committed 7936K, reserved 1064960K
  class space    used 899K, committed 1024K, reserved 1048576K
}
Event: 0.674 GC heap before
{Heap before GC invocations=4 (full 0):
 garbage-first heap   total 8192K, used 3699K [0x0000000081800000, 0x0000000100000000)
  region size 1024K, 2 young (2048K), 1 survivors (1024K)
 Metaspace       used 7746K, committed 8000K, reserved 1064960K
  class space    used 899K, committed 1024K, reserved 1048576K
}
Event: 0.676 GC heap after
{Heap after GC invocations=5 (full 0):
 garbage-first heap   total 10240K, used 2894K [0x0000000081800000, 0x0000000100000000)
  region size 1024K, 1 young (1024K), 1 survivors (1024K)
 Metaspace       used 7746K, committed 8000K, reserved 1064960K
  class space    used 899K, committed 1024K, reserved 1048576K
}
Event: 0.765 GC heap before
{Heap before GC invocations=5 (full 0):
 garbage-first heap   total 10240K, used 4942K [0x0000000081800000, 0x0000000100000000)
  region size 1024K, 3 young (3072K), 1 survivors (1024K)
 Metaspace       used 8127K, committed 8320K, reserved 1064960K
  class space    used 941K, committed 1024K, reserved 1048576K
}
Event: 0.768 GC heap after
{Heap after GC invocations=6 (full 0):
 garbage-first heap   total 10240K, used 3554K [0x0000000081800000, 0x0000000100000000)
  region size 1024K, 1 young (1024K), 1 survivors (1024K)
 Metaspace       used 8127K, committed 8320K, reserved 1064960K
  class space    used 941K, committed 1024K, reserved 1048576K
}
Event: 0.895 GC heap before
{Heap before GC invocations=6 (full 0):
 garbage-first heap   total 10240K, used 5602K [0x0000000081800000, 0x0000000100000000)
  region size 1024K, 3 young (3072K), 1 survivors (1024K)
 Metaspace       used 8589K, committed 8768K, reserved 1064960K
  class space    used 1002K, committed 1088K, reserved 1048576K
}
Event: 0.898 GC heap after
{Heap after GC invocations=7 (full 0):
 garbage-first heap   total 10240K, used 4169K [0x0000000081800000, 0x0000000100000000)
  region size 1024K, 1 young (1024K), 1 survivors (1024K)
 Metaspace       used 8589K, committed 8768K, reserved 1064960K
  class space    used 1002K, committed 1088K, reserved 1048576K
}
Event: 0.911 GC heap before
{Heap before GC invocations=7 (full 0):
 garbage-first heap   total 10240K, used 5193K [0x0000000081800000, 0x0000000100000000)
  region size 1024K, 2 young (2048K), 1 survivors (1024K)
 Metaspace       used 8602K, committed 8768K, reserved 1064960K
  class space    used 1002K, committed 1088K, reserved 1048576K
}
Event: 0.913 GC heap after
{Heap after GC invocations=8 (full 0):
 garbage-first heap   total 10240K, used 4301K [0x0000000081800000, 0x0000000100000000)
  region size 1024K, 1 young (1024K), 1 survivors (1024K)
 Metaspace       used 8602K, committed 8768K, reserved 1064960K
  class space    used 1002K, committed 1088K, reserved 1048576K
}
Event: 0.970 GC heap before
{Heap before GC invocations=8 (full 0):
 garbage-first heap   total 10240K, used 5325K [0x0000000081800000, 0x0000000100000000)
  region size 1024K, 2 young (2048K), 1 survivors (1024K)
 Metaspace       used 8678K, committed 8832K, reserved 1064960K
  class space    used 1005K, committed 1088K, reserved 1048576K
}

Deoptimization events (20 events):
Event: 0.816 Thread 0x000002c856f35860 DEOPT PACKING pc=0x000002c86625bdb4 sp=0x000000e9861fe1d0
Event: 0.816 Thread 0x000002c856f35860 DEOPT UNPACKING pc=0x000002c85e7a23a3 sp=0x000000e9861fe148 mode 2
Event: 0.816 Thread 0x000002c856f35860 Uncommon trap: trap_request=0xffffffc6 fr.pc=0x000002c86625bdb4 relative=0x0000000000000474
Event: 0.816 Thread 0x000002c856f35860 Uncommon trap: reason=bimorphic_or_optimized_type_check action=maybe_recompile pc=0x000002c86625bdb4 method=java.util.HashMap.getNode(Ljava/lang/Object;)Ljava/util/HashMap$Node; @ 128 c2
Event: 0.816 Thread 0x000002c856f35860 DEOPT PACKING pc=0x000002c86625bdb4 sp=0x000000e9861fe0d0
Event: 0.816 Thread 0x000002c856f35860 DEOPT UNPACKING pc=0x000002c85e7a23a3 sp=0x000000e9861fe048 mode 2
Event: 0.859 Thread 0x000002c856f35860 Uncommon trap: trap_request=0xffffffde fr.pc=0x000002c8662570c8 relative=0x0000000000000a28
Event: 0.859 Thread 0x000002c856f35860 Uncommon trap: reason=class_check action=maybe_recompile pc=0x000002c8662570c8 method=java.util.HashMap.putVal(ILjava/lang/Object;Ljava/lang/Object;ZZ)Ljava/lang/Object; @ 91 c2
Event: 0.859 Thread 0x000002c856f35860 DEOPT PACKING pc=0x000002c8662570c8 sp=0x000000e9861fe640
Event: 0.859 Thread 0x000002c856f35860 DEOPT UNPACKING pc=0x000002c85e7a23a3 sp=0x000000e9861fe588 mode 2
Event: 0.867 Thread 0x000002c856f35860 Uncommon trap: trap_request=0xffffffde fr.pc=0x000002c8662570c8 relative=0x0000000000000a28
Event: 0.867 Thread 0x000002c856f35860 Uncommon trap: reason=class_check action=maybe_recompile pc=0x000002c8662570c8 method=java.util.HashMap.putVal(ILjava/lang/Object;Ljava/lang/Object;ZZ)Ljava/lang/Object; @ 91 c2
Event: 0.867 Thread 0x000002c856f35860 DEOPT PACKING pc=0x000002c8662570c8 sp=0x000000e9861fe640
Event: 0.867 Thread 0x000002c856f35860 DEOPT UNPACKING pc=0x000002c85e7a23a3 sp=0x000000e9861fe588 mode 2
Event: 0.883 Thread 0x000002c856f35860 DEOPT PACKING pc=0x000002c85ede75d6 sp=0x000000e9861fddd0
Event: 0.883 Thread 0x000002c856f35860 DEOPT UNPACKING pc=0x000002c85e7a2b43 sp=0x000000e9861fd258 mode 0
Event: 0.884 Thread 0x000002c856f35860 DEOPT PACKING pc=0x000002c85ede75d6 sp=0x000000e9861fdde0
Event: 0.884 Thread 0x000002c856f35860 DEOPT UNPACKING pc=0x000002c85e7a2b43 sp=0x000000e9861fd268 mode 0
Event: 0.887 Thread 0x000002c856f35860 DEOPT PACKING pc=0x000002c85ede75d6 sp=0x000000e9861fde30
Event: 0.887 Thread 0x000002c856f35860 DEOPT UNPACKING pc=0x000002c85e7a2b43 sp=0x000000e9861fd2b8 mode 0

Classes unloaded (0 events):
No events

Classes redefined (0 events):
No events

Internal exceptions (20 events):
Event: 0.311 Thread 0x000002c856f35860 Exception <a 'java/lang/NoSuchMethodError'{0x0000000081de8808}: 'int java.lang.invoke.DirectMethodHandle$Holder.invokeVirtual(java.lang.Object, java.lang.Object, java.lang.Object)'> (0x0000000081de8808) 
thrown [t:\workspace\open\src\hotspot\share\interpreter\linkResolver.cpp, line 766]
Event: 0.313 Thread 0x000002c856f35860 Exception <a 'java/lang/NoSuchMethodError'{0x0000000081deee68}: 'void java.lang.invoke.DirectMethodHandle$Holder.invokeInterface(java.lang.Object, java.lang.Object, java.lang.Object)'> (0x0000000081deee68) 
thrown [t:\workspace\open\src\hotspot\share\interpreter\linkResolver.cpp, line 766]
Event: 0.449 Thread 0x000002c856f35860 Exception <a 'java/lang/NoSuchMethodError'{0x0000000081f05f40}: 'int java.lang.invoke.DirectMethodHandle$Holder.invokeStaticInit(java.lang.Object, java.lang.Object)'> (0x0000000081f05f40) 
thrown [t:\workspace\open\src\hotspot\share\interpreter\linkResolver.cpp, line 766]
Event: 0.532 Thread 0x000002c856f35860 Exception <a 'java/lang/NoSuchMethodError'{0x0000000081fa5f00}: 'int java.lang.invoke.DirectMethodHandle$Holder.invokeVirtual(java.lang.Object, java.lang.Object)'> (0x0000000081fa5f00) 
thrown [t:\workspace\open\src\hotspot\share\interpreter\linkResolver.cpp, line 766]
Event: 0.544 Thread 0x000002c856f35860 Exception <a 'java/lang/NoSuchMethodError'{0x0000000081fcda88}: 'java.lang.Object java.lang.invoke.DirectMethodHandle$Holder.newInvokeSpecial(java.lang.Object, java.lang.Object, java.lang.Object, java.lang.Object, java.lang.Object)'> (0x0000000081fcda88) 
thrown [t:\workspace\open\src\hotspot\share\interpreter\linkResolver.cpp, line 766]
Event: 0.548 Thread 0x000002c856f35860 Exception <a 'java/lang/NoSuchMethodError'{0x0000000081fdc6c8}: 'java.lang.Object java.lang.invoke.DirectMethodHandle$Holder.newInvokeSpecial(java.lang.Object, java.lang.Object, java.lang.Object, java.lang.Object, java.lang.Object, java.lang.Object)'> (0x0000000081fdc6c8) 
thrown [t:\workspace\open\src\hotspot\share\interpreter\linkResolver.cpp, line 766]
Event: 0.574 Thread 0x000002c856f35860 Exception <a 'java/lang/NoSuchMethodError'{0x0000000081f24998}: 'java.lang.Object java.lang.invoke.DirectMethodHandle$Holder.invokeStaticInit(java.lang.Object)'> (0x0000000081f24998) 
thrown [t:\workspace\open\src\hotspot\share\interpreter\linkResolver.cpp, line 766]
Event: 0.642 Thread 0x000002c856f35860 Exception <a 'java/lang/NoSuchMethodError'{0x0000000081fcec68}: 'void java.lang.invoke.DirectMethodHandle$Holder.invokeStatic(java.lang.Object, java.lang.Object)'> (0x0000000081fcec68) 
thrown [t:\workspace\open\src\hotspot\share\interpreter\linkResolver.cpp, line 766]
Event: 0.727 Thread 0x000002c856f35860 Exception <a 'java/lang/NoSuchMethodError'{0x00000000820afc88}: 'java.lang.Object java.lang.invoke.DirectMethodHandle$Holder.invokeInterface(java.lang.Object, java.lang.Object)'> (0x00000000820afc88) 
thrown [t:\workspace\open\src\hotspot\share\interpreter\linkResolver.cpp, line 766]
Event: 0.806 Thread 0x000002c856f35860 Exception <a 'java/lang/NoSuchMethodError'{0x00000000821858d8}: 'java.lang.Object java.lang.invoke.DirectMethodHandle$Holder.invokeStatic(java.lang.Object, int, java.lang.Object)'> (0x00000000821858d8) 
thrown [t:\workspace\open\src\hotspot\share\interpreter\linkResolver.cpp, line 766]
Event: 0.862 Thread 0x000002c856f35860 Exception <a 'sun/nio/fs/WindowsException'{0x0000000082031940}> (0x0000000082031940) 
thrown [t:\workspace\open\src\hotspot\share\prims\jni.cpp, line 516]
Event: 0.867 Thread 0x000002c856f35860 Exception <a 'sun/nio/fs/WindowsException'{0x0000000082039820}> (0x0000000082039820) 
thrown [t:\workspace\open\src\hotspot\share\prims\jni.cpp, line 516]
Event: 0.952 Thread 0x000002c856f35860 Exception <a 'sun/nio/fs/WindowsException'{0x0000000082194658}> (0x0000000082194658) 
thrown [t:\workspace\open\src\hotspot\share\prims\jni.cpp, line 516]
Event: 0.952 Thread 0x000002c856f35860 Exception <a 'sun/nio/fs/WindowsException'{0x00000000821948f8}> (0x00000000821948f8) 
thrown [t:\workspace\open\src\hotspot\share\prims\jni.cpp, line 516]
Event: 0.954 Thread 0x000002c856f35860 Exception <a 'sun/nio/fs/WindowsException'{0x00000000821953b0}> (0x00000000821953b0) 
thrown [t:\workspace\open\src\hotspot\share\prims\jni.cpp, line 516]
Event: 0.954 Thread 0x000002c856f35860 Exception <a 'sun/nio/fs/WindowsException'{0x0000000082195610}> (0x0000000082195610) 
thrown [t:\workspace\open\src\hotspot\share\prims\jni.cpp, line 516]
Event: 0.956 Thread 0x000002c856f35860 Exception <a 'sun/nio/fs/WindowsException'{0x0000000082198a58}> (0x0000000082198a58) 
thrown [t:\workspace\open\src\hotspot\share\prims\jni.cpp, line 516]
Event: 0.961 Thread 0x000002c856f35860 Exception <a 'sun/nio/fs/WindowsException'{0x00000000821a1db8}> (0x00000000821a1db8) 
thrown [t:\workspace\open\src\hotspot\share\prims\jni.cpp, line 516]
Event: 0.964 Thread 0x000002c856f35860 Exception <a 'sun/nio/fs/WindowsException'{0x00000000821ab550}> (0x00000000821ab550) 
thrown [t:\workspace\open\src\hotspot\share\prims\jni.cpp, line 516]
Event: 0.966 Thread 0x000002c856f35860 Exception <a 'sun/nio/fs/WindowsException'{0x00000000821ad530}> (0x00000000821ad530) 
thrown [t:\workspace\open\src\hotspot\share\prims\jni.cpp, line 516]

VM Operations (20 events):
Event: 0.254 Executing VM operation: HandshakeAllThreads done
Event: 0.318 Executing VM operation: G1CollectForAllocation
Event: 0.322 Executing VM operation: G1CollectForAllocation done
Event: 0.439 Executing VM operation: G1CollectForAllocation
Event: 0.443 Executing VM operation: G1CollectForAllocation done
Event: 0.556 Executing VM operation: G1CollectForAllocation
Event: 0.558 Executing VM operation: G1CollectForAllocation done
Event: 0.645 Executing VM operation: HandshakeAllThreads
Event: 0.645 Executing VM operation: HandshakeAllThreads done
Event: 0.649 Executing VM operation: G1CollectForAllocation
Event: 0.651 Executing VM operation: G1CollectForAllocation done
Event: 0.674 Executing VM operation: G1CollectForAllocation
Event: 0.677 Executing VM operation: G1CollectForAllocation done
Event: 0.765 Executing VM operation: G1CollectForAllocation
Event: 0.768 Executing VM operation: G1CollectForAllocation done
Event: 0.895 Executing VM operation: G1CollectForAllocation
Event: 0.898 Executing VM operation: G1CollectForAllocation done
Event: 0.911 Executing VM operation: G1CollectForAllocation
Event: 0.913 Executing VM operation: G1CollectForAllocation done
Event: 0.970 Executing VM operation: G1CollectForAllocation

Events (20 events):
Event: 0.865 loading class java/util/stream/AbstractSpinedBuffer
Event: 0.865 loading class java/util/stream/AbstractSpinedBuffer done
Event: 0.865 loading class java/util/stream/SpinedBuffer done
Event: 0.865 loading class java/util/stream/Nodes$SpinedNodeBuilder done
Event: 0.865 loading class sun/nio/fs/WindowsPath$WindowsPathWithAttributes
Event: 0.866 loading class sun/nio/fs/WindowsPath$WindowsPathWithAttributes done
Event: 0.878 loading class jdk/internal/jrtfs/JrtDirectoryStream
Event: 0.878 loading class jdk/internal/jrtfs/JrtDirectoryStream done
Event: 0.879 loading class java/util/stream/StreamSpliterators$WrappingSpliterator
Event: 0.879 loading class java/util/stream/StreamSpliterators$AbstractWrappingSpliterator
Event: 0.879 loading class java/util/stream/StreamSpliterators$AbstractWrappingSpliterator done
Event: 0.879 loading class java/util/stream/StreamSpliterators$WrappingSpliterator done
Event: 0.880 loading class jdk/internal/jrtfs/JrtDirectoryStream$1
Event: 0.880 loading class jdk/internal/jrtfs/JrtDirectoryStream$1 done
Event: 0.880 loading class java/util/stream/StreamSpliterators
Event: 0.880 loading class java/util/stream/StreamSpliterators done
Event: 0.880 loading class java/util/function/BooleanSupplier
Event: 0.880 loading class java/util/function/BooleanSupplier done
Event: 0.881 loading class jdk/internal/jrtfs/JrtFileAttributes
Event: 0.881 loading class jdk/internal/jrtfs/JrtFileAttributes done


Dynamic libraries:
0x00007ff664b80000 - 0x00007ff664b88000 	C:\Program Files\Java\jdk-17.0.2\bin\javac.exe
0x00007ffdd0830000 - 0x00007ffdd0a28000 	C:\WINDOWS\SYSTEM32\ntdll.dll
0x00007ffdcfae0000 - 0x00007ffdcfb9f000 	C:\WINDOWS\System32\KERNEL32.DLL
0x00007ffdce410000 - 0x00007ffdce6e2000 	C:\WINDOWS\System32\KERNELBASE.dll
0x00007ffdce0b0000 - 0x00007ffdce1b0000 	C:\WINDOWS\System32\ucrtbase.dll
0x00007ffdc4dd0000 - 0x00007ffdc4de8000 	C:\Program Files\Java\jdk-17.0.2\bin\jli.dll
0x00007ffdcfa30000 - 0x00007ffdcfade000 	C:\WINDOWS\System32\ADVAPI32.dll
0x00007ffdcea60000 - 0x00007ffdceafe000 	C:\WINDOWS\System32\msvcrt.dll
0x00007ffdcf020000 - 0x00007ffdcf0bc000 	C:\WINDOWS\System32\sechost.dll
0x00007ffdcecf0000 - 0x00007ffdcee14000 	C:\WINDOWS\System32\RPCRT4.dll
0x00007ffdcf5e0000 - 0x00007ffdcf781000 	C:\WINDOWS\System32\USER32.dll
0x00007ffdce6f0000 - 0x00007ffdce712000 	C:\WINDOWS\System32\win32u.dll
0x00007ffdcf7f0000 - 0x00007ffdcf81b000 	C:\WINDOWS\System32\GDI32.dll
0x00007ffdce720000 - 0x00007ffdce82f000 	C:\WINDOWS\System32\gdi32full.dll
0x00007ffdcdf30000 - 0x00007ffdcdfcd000 	C:\WINDOWS\System32\msvcp_win.dll
0x00007ffdc99d0000 - 0x00007ffdc99ea000 	C:\Program Files\Java\jdk-17.0.2\bin\VCRUNTIME140.dll
0x00007ffdc29e0000 - 0x00007ffdc2c7a000 	C:\WINDOWS\WinSxS\amd64_microsoft.windows.common-controls_6595b64144ccf1df_6.0.19041.1110_none_60b5254171f9507e\COMCTL32.dll
0x00007ffdc5860000 - 0x00007ffdc586a000 	C:\WINDOWS\SYSTEM32\VERSION.dll
0x00007ffdcfba0000 - 0x00007ffdcfbd0000 	C:\WINDOWS\System32\IMM32.DLL
0x00007ffda9b90000 - 0x00007ffda9cf0000 	C:\Program Files (x86)\Citrix\ICA Client\epclient64.dll
0x00007ffdce080000 - 0x00007ffdce0a7000 	C:\WINDOWS\System32\bcrypt.dll
0x00007ffdcf280000 - 0x00007ffdcf5d5000 	C:\WINDOWS\System32\combase.dll
0x00007ffdcd0c0000 - 0x00007ffdcd0f3000 	C:\WINDOWS\SYSTEM32\ntmarta.dll
0x00007ffdce380000 - 0x00007ffdce402000 	C:\WINDOWS\System32\bcryptprimitives.dll
0x00007ffdcc780000 - 0x00007ffdcc792000 	C:\WINDOWS\SYSTEM32\kernel.appcore.dll
0x00007ffdc9b00000 - 0x00007ffdc9b0c000 	C:\Program Files\Java\jdk-17.0.2\bin\vcruntime140_1.dll
0x00007ffda19f0000 - 0x00007ffda1a7d000 	C:\Program Files\Java\jdk-17.0.2\bin\msvcp140.dll
0x00007ffd88dc0000 - 0x00007ffd89981000 	C:\Program Files\Java\jdk-17.0.2\bin\server\jvm.dll
0x00007ffdcef60000 - 0x00007ffdcef68000 	C:\WINDOWS\System32\PSAPI.DLL
0x00007ffdb21a0000 - 0x00007ffdb21a9000 	C:\WINDOWS\SYSTEM32\WSOCK32.dll
0x000002c856660000 - 0x000002c8566cb000 	C:\WINDOWS\System32\WS2_32.dll
0x00007ffdc4040000 - 0x00007ffdc4067000 	C:\WINDOWS\SYSTEM32\WINMM.dll
0x00007ffdc99c0000 - 0x00007ffdc99ca000 	C:\Program Files\Java\jdk-17.0.2\bin\jimage.dll
0x00007ffdcbdc0000 - 0x00007ffdcbfa4000 	C:\WINDOWS\SYSTEM32\DBGHELP.DLL
0x00007ffdbcae0000 - 0x00007ffdbcb15000 	C:\WINDOWS\SYSTEM32\dbgcore.DLL
0x00007ffdc9930000 - 0x00007ffdc9955000 	C:\Program Files\Java\jdk-17.0.2\bin\java.dll
0x00007ffd94fb0000 - 0x00007ffd95086000 	C:\Program Files\Java\jdk-17.0.2\bin\jsvml.dll
0x000002c875000000 - 0x000002c875745000 	C:\WINDOWS\System32\SHELL32.dll
0x00007ffdcbfd0000 - 0x00007ffdcc762000 	C:\WINDOWS\SYSTEM32\windows.storage.dll
0x00007ffdcd990000 - 0x00007ffdcd9c0000 	C:\WINDOWS\SYSTEM32\Wldp.dll
0x00007ffdcef70000 - 0x00007ffdcf01d000 	C:\WINDOWS\System32\SHCORE.dll
0x000002c856e70000 - 0x000002c856ec5000 	C:\WINDOWS\System32\shlwapi.dll
0x00007ffdcde70000 - 0x00007ffdcde8f000 	C:\WINDOWS\SYSTEM32\profapi.dll
0x00007ffdc7e20000 - 0x00007ffdc7e39000 	C:\Program Files\Java\jdk-17.0.2\bin\net.dll
0x00007ffdc5160000 - 0x00007ffdc526a000 	C:\WINDOWS\SYSTEM32\WINHTTP.dll
0x00007ffdcd6f0000 - 0x00007ffdcd75a000 	C:\WINDOWS\system32\mswsock.dll
0x00007ffdc7480000 - 0x00007ffdc7496000 	C:\Program Files\Java\jdk-17.0.2\bin\nio.dll
0x00007ffdc7160000 - 0x00007ffdc7178000 	C:\Program Files\Java\jdk-17.0.2\bin\zip.dll

dbghelp: loaded successfully - version: 4.0.5 - missing functions: none
symbol engine: initialized successfully - sym options: 0x614 - pdb path: .;C:\Program Files\Java\jdk-17.0.2\bin;C:\WINDOWS\SYSTEM32;C:\WINDOWS\WinSxS\amd64_microsoft.windows.common-controls_6595b64144ccf1df_6.0.19041.1110_none_60b5254171f9507e;C:\Program Files (x86)\Citrix\ICA Client;C:\Program Files\Java\jdk-17.0.2\bin\server

VM Arguments:
jvm_args: -Dapplication.home=C:\Program Files\Java\jdk-17.0.2 --add-modules=ALL-DEFAULT -Xms8m -Djdk.module.main=jdk.compiler 
java_command: jdk.compiler/com.sun.tools.javac.Main -d D:\Java_Projekte\kleineTestProgramme\build\classes -classpath D:\Java_Projekte\kleineTestProgramme\build\classes;E:\Loewen\BackupsAbWindows10\Netbeans8.2\Projekte\WORK\mysql-connector-java-8.0.17.jar -sourcepath D:\Java_Projekte\kleineTestProgramme\src -target 1.7 -encoding UTF-8 -g -processorpath E:\Loewen\BackupsAbWindows10\Netbeans8.2\Projekte\WORK\mysql-connector-java-8.0.17.jar;D:\Java_Projekte\kleineTestProgramme\build\empty -s D:\Java_Projekte\kleineTestProgramme\build\generated-sources\ap-source-output -source 1.7 D:\Java_Projekte\kleineTestProgramme\src\de\marcelhuber\lottozahlen\Lotto6Aus49Neu.java
java_class_path (initial): <not set>
Launcher Type: SUN_STANDARD

[Global flags]
     intx CICompilerCount                          = 3                                         {product} {ergonomic}
     uint ConcGCThreads                            = 1                                         {product} {ergonomic}
     uint G1ConcRefinementThreads                  = 4                                         {product} {ergonomic}
   size_t G1HeapRegionSize                         = 1048576                                   {product} {ergonomic}
    uintx GCDrainStackTargetSize                   = 64                                        {product} {ergonomic}
   size_t InitialHeapSize                          = 8388608                                   {product} {command line}
   size_t MarkStackSize                            = 4194304                                   {product} {ergonomic}
   size_t MaxHeapSize                              = 2122317824                                {product} {ergonomic}
   size_t MaxNewSize                               = 1272971264                                {product} {ergonomic}
   size_t MinHeapDeltaBytes                        = 1048576                                   {product} {ergonomic}
   size_t MinHeapSize                              = 8388608                                   {product} {command line}
    uintx NonNMethodCodeHeapSize                   = 5832780                                {pd product} {ergonomic}
    uintx NonProfiledCodeHeapSize                  = 122912730                              {pd product} {ergonomic}
    uintx ProfiledCodeHeapSize                     = 122912730                              {pd product} {ergonomic}
    uintx ReservedCodeCacheSize                    = 251658240                              {pd product} {ergonomic}
     bool SegmentedCodeCache                       = true                                      {product} {ergonomic}
   size_t SoftMaxHeapSize                          = 2122317824                             {manageable} {ergonomic}
     bool UseCompressedClassPointers               = true                           {product lp64_product} {ergonomic}
     bool UseCompressedOops                        = true                           {product lp64_product} {ergonomic}
     bool UseG1GC                                  = true                                      {product} {ergonomic}
     bool UseLargePagesIndividualAllocation        = false                                  {pd product} {ergonomic}

Logging:
Log output configuration:
 #0: stdout all=warning uptime,level,tags
 #1: stderr all=off uptime,level,tags

Environment Variables:
JAVA_HOME=C:\Program Files\Java\jdk1.8.0_201
PATH=C:\Program Files\Common Files\Oracle\Java\javapath;C:\Program Files (x86)\Intel\Intel(R) Management Engine Components\iCLS\;C:\Program Files\Intel\Intel(R) Management Engine Components\iCLS\;C:\Windows\system32;C:\Windows;C:\Windows\System32\Wbem;C:\Windows\System32\WindowsPowerShell\v1.0\;C:\Program Files (x86)\NVIDIA Corporation\PhysX\Common;C:\WINDOWS\system32;C:\WINDOWS;C:\WINDOWS\System32\Wbem;C:\WINDOWS\System32\WindowsPowerShell\v1.0\;C:\Program Files (x86)\Intel\Intel(R) Management Engine Components\DAL;C:\Program Files\Intel\Intel(R) Management Engine Components\DAL;C:\Program Files (x86)\Intel\Intel(R) Management Engine Components\IPT;C:\Program Files\Intel\Intel(R) Management Engine Components\IPT;C:\WINDOWS\System32\OpenSSH\;%JAVA_HOME%\bin;C:\Program Files\Calibre2\;C:\Users\huber\AppData\Local\Microsoft\WindowsApps;
USERNAME=huber
OS=Windows_NT
PROCESSOR_IDENTIFIER=Intel64 Family 6 Model 142 Stepping 9, GenuineIntel



---------------  S Y S T E M  ---------------

OS:
 Windows 10 , 64 bit Build 19041 (10.0.19041.2546)
OS uptime: 3 days 0:26 hours

CPU: total 4 (initial active 4) (2 cores per cpu, 2 threads per core) family 6 model 142 stepping 9 microcode 0xb4, cx8, cmov, fxsr, ht, mmx, 3dnowpref, sse, sse2, sse3, ssse3, sse4.1, sse4.2, popcnt, lzcnt, tsc, tscinvbit, avx, avx2, aes, erms, clmul, bmi1, bmi2, adx, fma, vzeroupper, clflush, clflushopt

Memory: 4k page, system-wide physical 8092M (526M free)
TotalPageFile size 21241M (AvailPageFile size 5M)
current process WorkingSet (physical memory assigned to process): 66M, peak: 66M
current process commit charge ("private bytes"): 95M, peak: 102M

vm_info: Java HotSpot(TM) 64-Bit Server VM (17.0.2+8-LTS-86) for windows-amd64 JRE (17.0.2+8-LTS-86), built on Dec  7 2021 21:51:03 by "mach5one" with MS VC++ 16.8 / 16.9 (VS2019)

END.
