#
# There is insufficient memory for the Java Runtime Environment to continue.
# Native memory allocation (mmap) failed to map 4294967296 bytes for G1 virtual space
# Possible reasons:
#   The system is out of physical RAM or swap space
#   The process is running with CompressedOops enabled, and the Java Heap may be blocking the growth of the native heap
# Possible solutions:
#   Reduce memory load on the system
#   Increase physical memory or swap space
#   Check if swap backing store is full
#   Decrease Java heap size (-Xmx/-Xms)
#   Decrease number of Java threads
#   Decrease Java thread stack sizes (-Xss)
#   Set larger code cache with -XX:ReservedCodeCacheSize=
#   JVM is running with Zero Based Compressed Oops mode in which the Java heap is
#     placed in the first 32GB address space. The Java Heap base address is the
#     maximum limit for the native heap growth. Please use -XX:HeapBaseMinAddress
#     to set the Java Heap base and to place the Java Heap above 32GB virtual address.
# This output file may be truncated or incomplete.
#
#  Out of Memory Error (os_windows.cpp:3532), pid=29140, tid=21336
#
# JRE version:  (17.0.2+8) (build )
# Java VM: Java HotSpot(TM) 64-Bit Server VM (17.0.2+8-LTS-86, mixed mode, sharing, tiered, compressed oops, compressed class ptrs, g1 gc, windows-amd64)
# No core dump will be written. Minidumps are not enabled by default on client versions of Windows
#

---------------  S U M M A R Y ------------

Command Line: -Dfile.encoding=UTF-8 -Xms4096M de.marcelhuber.lottozahlen.Lotto6Aus49Neu

Host: Intel(R) Core(TM) i5-7200U CPU @ 2.50GHz, 4 cores, 7G,  Windows 10 , 64 bit Build 19041 (10.0.19041.2546)
Time: Sat Mar 25 21:57:29 2023 Mitteleuropäische Zeit elapsed time: 0.073597 seconds (0d 0h 0m 0s)

---------------  T H R E A D  ---------------

Current thread (0x0000021209b05d70):  JavaThread "Unknown thread" [_thread_in_vm, id=21336, stack(0x000000f96fd00000,0x000000f96fe00000)]

Stack: [0x000000f96fd00000,0x000000f96fe00000]
Native frames: (J=compiled Java code, j=interpreted, Vv=VM code, C=native code)
V  [jvm.dll+0x670baa]
V  [jvm.dll+0x7cfcb4]
V  [jvm.dll+0x7d145e]
V  [jvm.dll+0x7d1ac3]
V  [jvm.dll+0x242bc5]
V  [jvm.dll+0x66dac9]
V  [jvm.dll+0x662412]
V  [jvm.dll+0x300c0b]
V  [jvm.dll+0x3081a6]
V  [jvm.dll+0x357d0e]
V  [jvm.dll+0x357f3f]
V  [jvm.dll+0x2d7ec8]
V  [jvm.dll+0x2d8e34]
V  [jvm.dll+0x7a18c1]
V  [jvm.dll+0x365a91]
V  [jvm.dll+0x780d2c]
V  [jvm.dll+0x3e845f]
V  [jvm.dll+0x3e9f01]
C  [jli.dll+0x527b]
C  [ucrtbase.dll+0x21bb2]
C  [KERNEL32.DLL+0x17614]
C  [ntdll.dll+0x526a1]


---------------  P R O C E S S  ---------------

Threads class SMR info:
_java_thread_list=0x00007ffd87d89858, length=0, elements={
}

Java Threads: ( => current thread )

Other Threads:
  0x0000021209b56bb0 GCTaskThread "GC Thread#0" [stack: 0x000000f96ff00000,0x000000f970000000] [id=35072]
  0x0000021209b67bc0 ConcurrentGCThread "G1 Main Marker" [stack: 0x000000f970000000,0x000000f970100000] [id=33036]
  0x0000021209b69d80 ConcurrentGCThread "G1 Conc#0" [stack: 0x000000f970100000,0x000000f970200000] [id=7092]

[error occurred during error reporting (printing all threads), id 0xc0000005, EXCEPTION_ACCESS_VIOLATION (0xc0000005) at pc=0x00007ffd875d88a7]

VM state: not at safepoint (not fully initialized)

VM Mutex/Monitor currently owned by a thread:  ([mutex/lock_event])
[0x0000021209b01ec0] Heap_lock - owner thread: 0x0000021209b05d70

Heap address: 0x0000000700000000, size: 4096 MB, Compressed Oops mode: Zero based, Oop shift amount: 3

CDS archive(s) mapped at: [0x0000000000000000-0x0000000000000000-0x0000000000000000), size 0, SharedBaseAddress: 0x0000000800000000, ArchiveRelocationMode: 0.
Narrow klass base: 0x0000000000000000, Narrow klass shift: 0, Narrow klass range: 0x0

GC Precious Log:
<Empty>

Heap:
 garbage-first heap   total 0K, used 0K [0x0000000700000000, 0x0000000800000000)
  region size 2048K, 0 young (0K), 0 survivors (0K)

[error occurred during error reporting (printing heap information), id 0xc0000005, EXCEPTION_ACCESS_VIOLATION (0xc0000005) at pc=0x00007ffd879b9f19]

GC Heap History (0 events):
No events

Deoptimization events (0 events):
No events

Classes unloaded (0 events):
No events

Classes redefined (0 events):
No events

Internal exceptions (0 events):
No events

VM Operations (0 events):
No events

Events (1 events):
Event: 0.013 Loaded shared library C:\Program Files\Java\jdk-17.0.2\bin\java.dll


Dynamic libraries:
0x00007ff7ff8a0000 - 0x00007ff7ff8b0000 	C:\Program Files\Java\jdk-17.0.2\bin\java.exe
0x00007ffdd0830000 - 0x00007ffdd0a28000 	C:\WINDOWS\SYSTEM32\ntdll.dll
0x00007ffdcfae0000 - 0x00007ffdcfb9f000 	C:\WINDOWS\System32\KERNEL32.DLL
0x00007ffdce410000 - 0x00007ffdce6e2000 	C:\WINDOWS\System32\KERNELBASE.dll
0x00007ffdce0b0000 - 0x00007ffdce1b0000 	C:\WINDOWS\System32\ucrtbase.dll
0x00007ffdc7e80000 - 0x00007ffdc7e98000 	C:\Program Files\Java\jdk-17.0.2\bin\jli.dll
0x00007ffdcfa30000 - 0x00007ffdcfade000 	C:\WINDOWS\System32\ADVAPI32.dll
0x00007ffdcea60000 - 0x00007ffdceafe000 	C:\WINDOWS\System32\msvcrt.dll
0x00007ffdcf020000 - 0x00007ffdcf0bc000 	C:\WINDOWS\System32\sechost.dll
0x00007ffdcecf0000 - 0x00007ffdcee14000 	C:\WINDOWS\System32\RPCRT4.dll
0x00007ffdcf5e0000 - 0x00007ffdcf781000 	C:\WINDOWS\System32\USER32.dll
0x00007ffdce6f0000 - 0x00007ffdce712000 	C:\WINDOWS\System32\win32u.dll
0x00007ffdcf7f0000 - 0x00007ffdcf81b000 	C:\WINDOWS\System32\GDI32.dll
0x00007ffdce720000 - 0x00007ffdce82f000 	C:\WINDOWS\System32\gdi32full.dll
0x00007ffdcdf30000 - 0x00007ffdcdfcd000 	C:\WINDOWS\System32\msvcp_win.dll
0x00007ffdc9930000 - 0x00007ffdc994a000 	C:\Program Files\Java\jdk-17.0.2\bin\VCRUNTIME140.dll
0x00007ffdc29e0000 - 0x00007ffdc2c7a000 	C:\WINDOWS\WinSxS\amd64_microsoft.windows.common-controls_6595b64144ccf1df_6.0.19041.1110_none_60b5254171f9507e\COMCTL32.dll
0x00007ffdc5860000 - 0x00007ffdc586a000 	C:\WINDOWS\SYSTEM32\VERSION.dll
0x00007ffdcfba0000 - 0x00007ffdcfbd0000 	C:\WINDOWS\System32\IMM32.DLL
0x00007ffda9b90000 - 0x00007ffda9cf0000 	C:\Program Files (x86)\Citrix\ICA Client\epclient64.dll
0x00007ffdce080000 - 0x00007ffdce0a7000 	C:\WINDOWS\System32\bcrypt.dll
0x00007ffdcf280000 - 0x00007ffdcf5d5000 	C:\WINDOWS\System32\combase.dll
0x00007ffdcd0c0000 - 0x00007ffdcd0f3000 	C:\WINDOWS\SYSTEM32\ntmarta.dll
0x00007ffdce380000 - 0x00007ffdce402000 	C:\WINDOWS\System32\bcryptprimitives.dll
0x00007ffdcc780000 - 0x00007ffdcc792000 	C:\WINDOWS\SYSTEM32\kernel.appcore.dll
0x00007ffdc7f40000 - 0x00007ffdc7f4c000 	C:\Program Files\Java\jdk-17.0.2\bin\vcruntime140_1.dll
0x00007ffda19f0000 - 0x00007ffda1a7d000 	C:\Program Files\Java\jdk-17.0.2\bin\msvcp140.dll
0x00007ffd872f0000 - 0x00007ffd87eb1000 	C:\Program Files\Java\jdk-17.0.2\bin\server\jvm.dll
0x00007ffdcef60000 - 0x00007ffdcef68000 	C:\WINDOWS\System32\PSAPI.DLL
0x00007ffdb21a0000 - 0x00007ffdb21a9000 	C:\WINDOWS\SYSTEM32\WSOCK32.dll
0x0000021209240000 - 0x00000212092ab000 	C:\WINDOWS\System32\WS2_32.dll
0x00007ffdc4040000 - 0x00007ffdc4067000 	C:\WINDOWS\SYSTEM32\WINMM.dll
0x00007ffdc7aa0000 - 0x00007ffdc7aaa000 	C:\Program Files\Java\jdk-17.0.2\bin\jimage.dll
0x00007ffdcbdc0000 - 0x00007ffdcbfa4000 	C:\WINDOWS\SYSTEM32\DBGHELP.DLL
0x00007ffdbcae0000 - 0x00007ffdbcb15000 	C:\WINDOWS\SYSTEM32\dbgcore.DLL
0x00007ffdc7470000 - 0x00007ffdc7495000 	C:\Program Files\Java\jdk-17.0.2\bin\java.dll

dbghelp: loaded successfully - version: 4.0.5 - missing functions: none
symbol engine: initialized successfully - sym options: 0x614 - pdb path: .;C:\Program Files\Java\jdk-17.0.2\bin;C:\WINDOWS\SYSTEM32;C:\WINDOWS\WinSxS\amd64_microsoft.windows.common-controls_6595b64144ccf1df_6.0.19041.1110_none_60b5254171f9507e;C:\Program Files (x86)\Citrix\ICA Client;C:\Program Files\Java\jdk-17.0.2\bin\server

VM Arguments:
jvm_args: -Dfile.encoding=UTF-8 -Xms4096M 
java_command: de.marcelhuber.lottozahlen.Lotto6Aus49Neu
java_class_path (initial): E:\Loewen\BackupsAbWindows10\Netbeans8.2\Projekte\WORK\mysql-connector-java-8.0.17.jar;D:\Java_Projekte\kleineTestProgramme\build\classes
Launcher Type: SUN_STANDARD

[Global flags]
     intx CICompilerCount                          = 3                                         {product} {ergonomic}
     uint ConcGCThreads                            = 1                                         {product} {ergonomic}
     uint G1ConcRefinementThreads                  = 4                                         {product} {ergonomic}
   size_t G1HeapRegionSize                         = 2097152                                   {product} {ergonomic}
    uintx GCDrainStackTargetSize                   = 64                                        {product} {ergonomic}
   size_t InitialHeapSize                          = 4294967296                                {product} {command line}
   size_t MarkStackSize                            = 4194304                                   {product} {ergonomic}
   size_t MaxHeapSize                              = 4294967296                                {product} {ergonomic}
   size_t MinHeapDeltaBytes                        = 2097152                                   {product} {ergonomic}
   size_t MinHeapSize                              = 4294967296                                {product} {command line}
    uintx NonNMethodCodeHeapSize                   = 5832780                                {pd product} {ergonomic}
    uintx NonProfiledCodeHeapSize                  = 122912730                              {pd product} {ergonomic}
    uintx ProfiledCodeHeapSize                     = 122912730                              {pd product} {ergonomic}
    uintx ReservedCodeCacheSize                    = 251658240                              {pd product} {ergonomic}
     bool SegmentedCodeCache                       = true                                      {product} {ergonomic}
   size_t SoftMaxHeapSize                          = 4294967296                             {manageable} {ergonomic}
     bool UseCompressedClassPointers               = true                           {product lp64_product} {ergonomic}
     bool UseCompressedOops                        = true                           {product lp64_product} {ergonomic}
     bool UseG1GC                                  = true                                      {product} {ergonomic}
     bool UseLargePagesIndividualAllocation        = false                                  {pd product} {ergonomic}

Logging:
Log output configuration:
 #0: stdout all=warning uptime,level,tags
 #1: stderr all=off uptime,level,tags

Environment Variables:
JAVA_HOME=C:\Program Files\Java\jdk1.8.0_201
PATH=C:\Program Files\Common Files\Oracle\Java\javapath;C:\Program Files (x86)\Intel\Intel(R) Management Engine Components\iCLS\;C:\Program Files\Intel\Intel(R) Management Engine Components\iCLS\;C:\Windows\system32;C:\Windows;C:\Windows\System32\Wbem;C:\Windows\System32\WindowsPowerShell\v1.0\;C:\Program Files (x86)\NVIDIA Corporation\PhysX\Common;C:\WINDOWS\system32;C:\WINDOWS;C:\WINDOWS\System32\Wbem;C:\WINDOWS\System32\WindowsPowerShell\v1.0\;C:\Program Files (x86)\Intel\Intel(R) Management Engine Components\DAL;C:\Program Files\Intel\Intel(R) Management Engine Components\DAL;C:\Program Files (x86)\Intel\Intel(R) Management Engine Components\IPT;C:\Program Files\Intel\Intel(R) Management Engine Components\IPT;C:\WINDOWS\System32\OpenSSH\;%JAVA_HOME%\bin;C:\Program Files\Calibre2\;C:\Users\huber\AppData\Local\Microsoft\WindowsApps;
USERNAME=huber
OS=Windows_NT
PROCESSOR_IDENTIFIER=Intel64 Family 6 Model 142 Stepping 9, GenuineIntel



---------------  S Y S T E M  ---------------

OS:
 Windows 10 , 64 bit Build 19041 (10.0.19041.2546)
OS uptime: 2 days 23:43 hours

CPU: total 4 (initial active 4) (2 cores per cpu, 2 threads per core) family 6 model 142 stepping 9 microcode 0xb4, cx8, cmov, fxsr, ht, mmx, 3dnowpref, sse, sse2, sse3, ssse3, sse4.1, sse4.2, popcnt, lzcnt, tsc, tscinvbit, avx, avx2, aes, erms, clmul, bmi1, bmi2, adx, fma, vzeroupper, clflush, clflushopt

Memory: 4k page, system-wide physical 8092M (532M free)
TotalPageFile size 20802M (AvailPageFile size 600M)
current process WorkingSet (physical memory assigned to process): 12M, peak: 12M
current process commit charge ("private bytes"): 53M, peak: 4149M

vm_info: Java HotSpot(TM) 64-Bit Server VM (17.0.2+8-LTS-86) for windows-amd64 JRE (17.0.2+8-LTS-86), built on Dec  7 2021 21:51:03 by "mach5one" with MS VC++ 16.8 / 16.9 (VS2019)

END.
